2015-05-12 13:13:43,756 CRIT Supervisor running as root (no user in config file)
2015-05-12 13:13:43,756 WARN Included extra file "/etc/supervisor/conf.d/nginx.conf" during parsing
2015-05-12 13:13:43,777 INFO RPC interface 'supervisor' initialized
2015-05-12 13:13:43,777 CRIT Server 'unix_http_server' running without any HTTP authentication checking
2015-05-12 13:13:43,778 INFO supervisord started with pid 1
2015-05-12 13:13:44,785 INFO spawned: 'nginx' with pid 8
2015-05-12 13:13:45,827 INFO success: nginx entered RUNNING state, process has stayed up for > than 1 seconds (startsecs)
2015-05-13 13:18:42,079 WARN received SIGTERM indicating exit request
2015-05-13 13:18:42,088 INFO waiting for nginx to die
2015-05-13 13:18:42,091 INFO stopped: nginx (exit status 0)
2015-05-14 12:49:26,131 CRIT Supervisor running as root (no user in config file)
2015-05-14 12:49:26,135 WARN Included extra file "/etc/supervisor/conf.d/nginx.conf" during parsing
2015-05-14 12:49:26,154 INFO RPC interface 'supervisor' initialized
2015-05-14 12:49:26,155 CRIT Server 'unix_http_server' running without any HTTP authentication checking
2015-05-14 12:49:26,155 INFO supervisord started with pid 1
2015-05-14 12:49:27,163 INFO spawned: 'nginx' with pid 8
2015-05-14 12:49:28,202 INFO success: nginx entered RUNNING state, process has stayed up for > than 1 seconds (startsecs)
2015-05-14 14:06:11,786 WARN received SIGTERM indicating exit request
2015-05-14 14:06:11,790 INFO waiting for nginx to die
2015-05-14 14:06:11,794 INFO stopped: nginx (exit status 0)
2015-09-03 05:36:23,395 CRIT Supervisor running as root (no user in config file)
2015-09-03 05:36:23,395 WARN Included extra file "/etc/supervisor/conf.d/nginx.conf" during parsing
2015-09-03 05:36:23,419 INFO RPC interface 'supervisor' initialized
2015-09-03 05:36:23,420 CRIT Server 'unix_http_server' running without any HTTP authentication checking
2015-09-03 05:36:23,420 INFO supervisord started with pid 1
2015-09-03 05:36:24,428 INFO spawned: 'nginx' with pid 8
2015-09-03 05:36:25,477 INFO success: nginx entered RUNNING state, process has stayed up for > than 1 seconds (startsecs)
2015-09-03 05:42:04,990 WARN received SIGTERM indicating exit request
2015-09-03 05:42:04,995 INFO waiting for nginx to die
2015-09-03 05:42:04,996 INFO stopped: nginx (exit status 0)
2015-09-03 05:42:06,078 CRIT Supervisor running as root (no user in config file)
2015-09-03 05:42:06,078 WARN Included extra file "/etc/supervisor/conf.d/nginx.conf" during parsing
2015-09-03 05:42:06,092 INFO RPC interface 'supervisor' initialized
2015-09-03 05:42:06,092 CRIT Server 'unix_http_server' running without any HTTP authentication checking
2015-09-03 05:42:06,093 INFO supervisord started with pid 1
2015-09-03 05:42:07,099 INFO spawned: 'nginx' with pid 8
2015-09-03 05:42:08,127 INFO success: nginx entered RUNNING state, process has stayed up for > than 1 seconds (startsecs)
2015-09-03 05:56:34,841 WARN received SIGTERM indicating exit request
2015-09-03 05:56:34,849 INFO waiting for nginx to die
2015-09-03 05:56:34,849 INFO stopped: nginx (exit status 0)
2015-09-03 05:56:36,924 CRIT Supervisor running as root (no user in config file)
2015-09-03 05:56:36,924 WARN Included extra file "/etc/supervisor/conf.d/nginx.conf" during parsing
2015-09-03 05:56:36,955 INFO RPC interface 'supervisor' initialized
2015-09-03 05:56:36,956 CRIT Server 'unix_http_server' running without any HTTP authentication checking
2015-09-03 05:56:36,957 INFO supervisord started with pid 1
2015-09-03 05:56:37,963 INFO spawned: 'nginx' with pid 10
2015-09-03 05:56:38,989 INFO success: nginx entered RUNNING state, process has stayed up for > than 1 seconds (startsecs)
2015-09-07 04:24:03,024 CRIT Supervisor running as root (no user in config file)
2015-09-07 04:24:03,025 WARN Included extra file "/etc/supervisor/conf.d/nginx.conf" during parsing
2015-09-07 04:24:03,035 INFO RPC interface 'supervisor' initialized
2015-09-07 04:24:03,035 CRIT Server 'unix_http_server' running without any HTTP authentication checking
2015-09-07 04:24:03,036 INFO supervisord started with pid 1
2015-09-07 04:24:04,042 INFO spawned: 'nginx' with pid 8
2015-09-07 04:24:05,058 INFO success: nginx entered RUNNING state, process has stayed up for > than 1 seconds (startsecs)
2015-09-07 04:40:49,428 WARN received SIGTERM indicating exit request
2015-09-07 04:40:49,432 INFO waiting for nginx to die
2015-09-07 04:40:49,433 INFO stopped: nginx (exit status 0)
